Origin2/app/build/intermediates/manifest_merge_blame_file/debug/manifest-merger-blame-debug-report.txt
1<?xml version="1.0" encoding="utf-8"?>
2<manifest xmlns:android="http://schemas.android.com/apk/res/android"
3    package="kr.ac.kpu.se2017156030.mapdesign"
4    android:versionCode="1"
5    android:versionName="1.0" >
6
7    <uses-sdk
8        android:minSdkVersion="16"
8-->src\main\AndroidManifest.xml
9        android:targetSdkVersion="30" />
9-->src\main\AndroidManifest.xml
10
11    <uses-permission android:name="android.permission.INTERNET" />
11-->src\main\AndroidManifest.xml:4:5-67
11-->src\main\AndroidManifest.xml:4:22-64
12
13    <application
13-->src\main\AndroidManifest.xml:5:5-23:19
14        android:allowBackup="true"
14-->src\main\AndroidManifest.xml:6:9-35
15        android:appComponentFactory="androidx.core.app.CoreComponentFactory"
15-->[androidx.core:core:1.3.1] AndroidManifest.xml:24:18-86
16        android:debuggable="true"
17        android:icon="@mipmap/ic_launcher"
17-->src\main\AndroidManifest.xml:7:9-43
18        android:label="@string/app_name"
18-->src\main\AndroidManifest.xml:8:9-41
19        android:networkSecurityConfig="@xml/network_config"
19-->src\main\AndroidManifest.xml:9:9-60
20        android:roundIcon="@mipmap/ic_launcher_round"
20-->src\main\AndroidManifest.xml:10:9-54
21        android:supportsRtl="true"
21-->src\main\AndroidManifest.xml:11:9-35
22        android:testOnly="true"
23        android:theme="@style/Theme.MapDesign" >
23-->src\main\AndroidManifest.xml:12:9-47
24        <activity android:name="kr.ac.kpu.se2017156030.mapdesign.MainActivity" >
24-->src\main\AndroidManifest.xml:13:9-19:20
24-->src\main\AndroidManifest.xml:13:19-47
25            <intent-filter>
25-->src\main\AndroidManifest.xml:14:13-18:29
26                <action android:name="android.intent.action.MAIN" />
26-->src\main\AndroidManifest.xml:15:17-69
26-->src\main\AndroidManifest.xml:15:25-66
27
28                <category android:name="android.intent.category.LAUNCHER" />
28-->src\main\AndroidManifest.xml:17:17-77
28-->src\main\AndroidManifest.xml:17:27-74
29            </intent-filter>
30        </activity>
31        <activity
31-->src\main\AndroidManifest.xml:20:9-88
32            android:name="kr.ac.kpu.se2017156030.mapdesign.InfectionByRegionActivity"
32-->src\main\AndroidManifest.xml:20:19-60
33            android:label="Regon Map" />
33-->src\main\AndroidManifest.xml:20:61-86
34        <activity
34-->src\main\AndroidManifest.xml:21:9-96
35            android:name="kr.ac.kpu.se2017156030.mapdesign.HospitalInformationActivity"
35-->src\main\AndroidManifest.xml:21:19-62
36            android:label="Hospital Select" />
36-->src\main\AndroidManifest.xml:21:63-94
37        <activity
37-->src\main\AndroidManifest.xml:22:9-89
38            android:name="kr.ac.kpu.se2017156030.mapdesign.InfectionByTotalActivity"
38-->src\main\AndroidManifest.xml:22:19-59
39            android:label="Daily Total" />
39-->src\main\AndroidManifest.xml:22:60-87
40    </application>
41
42</manifest>